2015-08-27T04:02:21.288Z 9300 TID-9nhtw INFO: Booting Sidekiq 3.4.2 with redis options {:namespace=>"logicalcat", :url=>nil}
2015-08-27T04:02:22.006Z 9300 TID-9nhtw INFO: Running in ruby 2.1.5p273 (2014-11-13 revision 48405) [x64-mingw32]
2015-08-27T04:02:22.006Z 9300 TID-9nhtw INFO: See LICENSE and the LGPL-3.0 for licensing details.
2015-08-27T04:02:22.006Z 9300 TID-9nhtw INFO: Upgrade to Sidekiq Pro for more features and support: http://sidekiq.org/pro
2015-08-27T04:02:22.006Z 9300 TID-9nhtw INFO: Starting processing, hit Ctrl-C to stop
2015-08-27T04:03:15.357Z 9300 TID-9nhtw INFO: Shutting down
2015-08-27T04:03:16.093Z 9300 TID-xv4fc INFO: Terminating 10 quiet workers
2015-08-27T04:03:22.288Z 7832 TID-alwr0 INFO: Booting Sidekiq 3.4.2 with redis options {:namespace=>"logicalcat", :url=>nil}
2015-08-27T04:03:22.976Z 7832 TID-alwr0 INFO: Running in ruby 2.1.5p273 (2014-11-13 revision 48405) [x64-mingw32]
2015-08-27T04:03:22.976Z 7832 TID-alwr0 INFO: See LICENSE and the LGPL-3.0 for licensing details.
2015-08-27T04:03:22.976Z 7832 TID-alwr0 INFO: Upgrade to Sidekiq Pro for more features and support: http://sidekiq.org/pro
2015-08-27T04:03:22.976Z 7832 TID-alwr0 INFO: Starting processing, hit Ctrl-C to stop
2015-08-27T04:03:34.265Z 7832 TID-afmgc ExtractDispatchWorker JID-f809f6d49096343206a6bdb4 INFO: start
2015-08-27T04:03:34.265Z 7832 TID-afmgc ExtractDispatchWorker JID-f809f6d49096343206a6bdb4 INFO: lc_discovery WELL: c:/programdata/geographix/projects/Stratton | home_1 | elasticsearch
2015-08-27T04:03:35.082Z 7832 TID-afmgc ExtractDispatchWorker JID-f809f6d49096343206a6bdb4 INFO: done: 0.817 sec
2015-08-27T04:03:35.087Z 7832 TID-ynzgw WellWorker JID-f50ae4bf4da222f68ffa9331 INFO: start
2015-08-27T04:03:35.088Z 7832 TID-ynzgw WellWorker JID-f50ae4bf4da222f68ffa9331 INFO: Extracting lc_discovery WellWorker: c:/programdata/geographix/projects/Stratton | home_1
2015-08-27T04:03:36.619Z 7832 TID-ynzgw WellWorker JID-f50ae4bf4da222f68ffa9331 INFO: done: 1.531 sec
2015-08-27T06:21:38.828Z 7832 TID-alwr0 INFO: Shutting down
2015-08-27T06:21:39.049Z 7832 TID-xxe1o INFO: Terminating 10 quiet workers
2015-08-28T04:33:35.172Z 9004 TID-arj0o INFO: Booting Sidekiq 3.4.2 with redis options {:namespace=>"logicalcat", :url=>nil}
2015-08-28T04:33:36.661Z 9004 TID-arj0o INFO: Running in ruby 2.1.5p273 (2014-11-13 revision 48405) [x64-mingw32]
2015-08-28T04:33:36.661Z 9004 TID-arj0o INFO: See LICENSE and the LGPL-3.0 for licensing details.
2015-08-28T04:33:36.661Z 9004 TID-arj0o INFO: Upgrade to Sidekiq Pro for more features and support: http://sidekiq.org/pro
2015-08-28T04:33:36.683Z 9004 TID-arj0o INFO: Starting processing, hit Ctrl-C to stop
2015-08-28T04:36:17.804Z 9004 TID-am0s0 ExtractDispatchWorker JID-41cafa2fc23026245b21f574 INFO: start
2015-08-28T04:36:17.804Z 9004 TID-am0s0 ExtractDispatchWorker JID-41cafa2fc23026245b21f574 INFO: lc_discovery WELL: c:/programdata/geographix/projects/Stratton | home_1 | elasticsearch
2015-08-28T04:36:18.986Z 9004 TID-am0s0 ExtractDispatchWorker JID-41cafa2fc23026245b21f574 INFO: done: 1.182 sec
2015-08-28T04:36:18.989Z 9004 TID-ytwa0 WellWorker JID-0c20355c68e3865adbe972f5 INFO: start
2015-08-28T04:36:18.989Z 9004 TID-ytwa0 WellWorker JID-0c20355c68e3865adbe972f5 INFO: Extracting lc_discovery WellWorker: c:/programdata/geographix/projects/Stratton | home_1
2015-08-28T04:36:20.682Z 9004 TID-ytwa0 WellWorker JID-0c20355c68e3865adbe972f5 INFO: done: 1.693 sec
2015-08-28T04:50:26.795Z 9004 TID-ytwa0 ProjectListWorker JID-707bc568aaf843fd327181d7 INFO: start
2015-08-28T04:50:26.795Z 9004 TID-ytwa0 ProjectListWorker JID-707bc568aaf843fd327181d7 INFO: processing qid: lc_discovery_projectlistworker_707bc568aaf843fd327181d7
2015-08-28T04:50:26.811Z 9004 TID-ytwa0 ProjectListWorker JID-707bc568aaf843fd327181d7 INFO: done: 0.016 sec
2015-08-29T18:02:57.622Z 9004 TID-arj0o INFO: Shutting down
2015-08-29T18:02:58.044Z 9004 TID-y5eo8 INFO: Terminating 10 quiet workers
2015-09-03T22:06:22.239Z 9832 TID-ahp1c INFO: Booting Sidekiq 3.4.2 with redis options {:namespace=>"logicalcat", :url=>nil}
2015-09-03T22:06:25.031Z 9832 TID-ahp1c INFO: Running in ruby 2.1.5p273 (2014-11-13 revision 48405) [x64-mingw32]
2015-09-03T22:06:25.031Z 9832 TID-ahp1c INFO: See LICENSE and the LGPL-3.0 for licensing details.
2015-09-03T22:06:25.032Z 9832 TID-ahp1c INFO: Upgrade to Sidekiq Pro for more features and support: http://sidekiq.org/pro
2015-09-03T22:06:25.063Z 9832 TID-ahp1c INFO: Starting processing, hit Ctrl-C to stop
2015-09-03T22:06:25.139Z 9832 TID-abqlw ExtractDispatchWorker JID-3e98a29bf169cc57e5e80ed8 INFO: start
2015-09-03T22:06:25.139Z 9832 TID-abqlw ExtractDispatchWorker JID-3e98a29bf169cc57e5e80ed8 INFO: lc_discovery META: c:/programdata/geographix/projects/Stratton | home_1 | elasticsearch
2015-09-03T22:06:25.141Z 9832 TID-ztzro ExtractDispatchWorker JID-920d2a67a034cdf2a395f413 INFO: start
2015-09-03T22:06:25.141Z 9832 TID-ztzro ExtractDispatchWorker JID-920d2a67a034cdf2a395f413 INFO: lc_discovery META: c:/programdata/geographix/projects/Stratton | home_1 | elasticsearch
2015-09-03T22:06:25.142Z 9832 TID-ztvsw ExtractDispatchWorker JID-b28ef509454e150aef6aba6f INFO: start
2015-09-03T22:06:25.143Z 9832 TID-znyj4 ExtractDispatchWorker JID-5106ce8f6de4906fa636e975 INFO: start
2015-09-03T22:06:25.144Z 9832 TID-ztvsw ExtractDispatchWorker JID-b28ef509454e150aef6aba6f INFO: lc_discovery WELL: c:/programdata/geographix/projects/Stratton | home_1 | elasticsearch
2015-09-03T22:06:25.144Z 9832 TID-znyj4 ExtractDispatchWorker JID-5106ce8f6de4906fa636e975 INFO: lc_discovery WELL: c:/programdata/geographix/projects/Stratton | home_1 | elasticsearch
2015-09-03T22:06:25.146Z 9832 TID-abqlw ExtractDispatchWorker JID-3e98a29bf169cc57e5e80ed8 INFO: done: 0.007 sec
2015-09-03T22:06:25.147Z 9832 TID-ztzro ExtractDispatchWorker JID-920d2a67a034cdf2a395f413 INFO: done: 0.006 sec
2015-09-03T22:06:25.190Z 9832 TID-ztzro MetaWorker JID-37e8e254bb459bc1f54b74ce INFO: start
2015-09-03T22:06:25.191Z 9832 TID-ztzro MetaWorker JID-37e8e254bb459bc1f54b74ce INFO: Extracting lc_discovery MetaWorker: c:/programdata/geographix/projects/Stratton | home_1
2015-09-03T22:06:25.231Z 9832 TID-abqlw MetaWorker JID-787881b88551a300d340be87 INFO: start
2015-09-03T22:06:25.265Z 9832 TID-abqlw MetaWorker JID-787881b88551a300d340be87 INFO: Extracting lc_discovery MetaWorker: c:/programdata/geographix/projects/Stratton | home_1
2015-09-03T22:06:26.402Z 9832 TID-znyj4 ExtractDispatchWorker JID-5106ce8f6de4906fa636e975 INFO: done: 1.259 sec
2015-09-03T22:06:26.402Z 9832 TID-ztvsw ExtractDispatchWorker JID-b28ef509454e150aef6aba6f INFO: done: 1.26 sec
2015-09-03T22:06:26.420Z 9832 TID-ztvsw WellWorker JID-8bd5999fd60933e4e4b2a734 INFO: start
2015-09-03T22:06:26.421Z 9832 TID-znyj4 WellWorker JID-21ed6694817174dd4ecf661b INFO: start
2015-09-03T22:06:26.421Z 9832 TID-ztvsw WellWorker JID-8bd5999fd60933e4e4b2a734 INFO: Extracting lc_discovery WellWorker: c:/programdata/geographix/projects/Stratton | home_1
2015-09-03T22:06:26.422Z 9832 TID-znyj4 WellWorker JID-21ed6694817174dd4ecf661b INFO: Extracting lc_discovery WellWorker: c:/programdata/geographix/projects/Stratton | home_1
2015-09-03T22:06:27.395Z 9832 TID-ztzro MetaWorker JID-37e8e254bb459bc1f54b74ce ERROR: wrong number of arguments (1 for 2)
2015-09-03T22:06:27.397Z 9832 TID-abqlw MetaWorker JID-787881b88551a300d340be87 ERROR: wrong number of arguments (1 for 2)
2015-09-03T22:06:27.397Z 9832 TID-ztzro MetaWorker JID-37e8e254bb459bc1f54b74ce ERROR: ["c:/dev/ruby/lib/ruby/gems/2.1.0/gems/redis-3.2.1/lib/redis.rb:2020:in `publish'", "C:/dev/lc_discovery/lib/lc_discovery/publisher.rb:26:in `rescue in write'", "C:/dev/lc_discovery/lib/lc_discovery/publisher.rb:14:in `write'", "C:/dev/lc_discovery/lib/lc_discovery/workers/meta_worker.rb:20:in `perform'", "c:/dev/ruby/lib/ruby/gems/2.1.0/gems/sidekiq-3.4.2/lib/sidekiq/processor.rb:75:in `execute_job'", "c:/dev/ruby/lib/ruby/gems/2.1.0/gems/sidekiq-3.4.2/lib/sidekiq/processor.rb:52:in `block (2 levels) in process'", "c:/dev/ruby/lib/ruby/gems/2.1.0/gems/sidekiq-3.4.2/lib/sidekiq/middleware/chain.rb:127:in `block in invoke'", "c:/dev/ruby/lib/ruby/gems/2.1.0/gems/sidekiq-3.4.2/lib/sidekiq/middleware/server/retry_jobs.rb:74:in `call'", "c:/dev/ruby/lib/ruby/gems/2.1.0/gems/sidekiq-3.4.2/lib/sidekiq/middleware/chain.rb:129:in `block in invoke'", "c:/dev/ruby/lib/ruby/gems/2.1.0/gems/sidekiq-3.4.2/lib/sidekiq/middleware/server/logging.rb:15:in `block in call'", "c:/dev/ruby/lib/ruby/gems/2.1.0/gems/sidekiq-3.4.2/lib/sidekiq/logging.rb:30:in `with_context'", "c:/dev/ruby/lib/ruby/gems/2.1.0/gems/sidekiq-3.4.2/lib/sidekiq/middleware/server/logging.rb:11:in `call'", "c:/dev/ruby/lib/ruby/gems/2.1.0/gems/sidekiq-3.4.2/lib/sidekiq/middleware/chain.rb:129:in `block in invoke'", "c:/dev/ruby/lib/ruby/gems/2.1.0/gems/sidekiq-3.4.2/lib/sidekiq/middleware/chain.rb:132:in `call'", "c:/dev/ruby/lib/ruby/gems/2.1.0/gems/sidekiq-3.4.2/lib/sidekiq/middleware/chain.rb:132:in `invoke'", "c:/dev/ruby/lib/ruby/gems/2.1.0/gems/sidekiq-3.4.2/lib/sidekiq/processor.rb:51:in `block in process'", "c:/dev/ruby/lib/ruby/gems/2.1.0/gems/sidekiq-3.4.2/lib/sidekiq/processor.rb:98:in `stats'", "c:/dev/ruby/lib/ruby/gems/2.1.0/gems/sidekiq-3.4.2/lib/sidekiq/processor.rb:50:in `process'", "c:/dev/ruby/lib/ruby/gems/2.1.0/gems/celluloid-0.16.0/lib/celluloid/calls.rb:26:in `public_send'", "c:/dev/ruby/lib/ruby/gems/2.1.0/gems/celluloid-0.16.0/lib/celluloid/calls.rb:26:in `dispatch'", "c:/dev/ruby/lib/ruby/gems/2.1.0/gems/celluloid-0.16.0/lib/celluloid/calls.rb:122:in `dispatch'", "c:/dev/ruby/lib/ruby/gems/2.1.0/gems/celluloid-0.16.0/lib/celluloid/cell.rb:60:in `block in invoke'", "c:/dev/ruby/lib/ruby/gems/2.1.0/gems/celluloid-0.16.0/lib/celluloid/cell.rb:71:in `block in task'", "c:/dev/ruby/lib/ruby/gems/2.1.0/gems/celluloid-0.16.0/lib/celluloid/actor.rb:357:in `block in task'", "c:/dev/ruby/lib/ruby/gems/2.1.0/gems/celluloid-0.16.0/lib/celluloid/tasks.rb:57:in `block in initialize'", "c:/dev/ruby/lib/ruby/gems/2.1.0/gems/celluloid-0.16.0/lib/celluloid/tasks/task_fiber.rb:15:in `block in create'"]
2015-09-03T22:06:27.399Z 9832 TID-abqlw MetaWorker JID-787881b88551a300d340be87 ERROR: ["c:/dev/ruby/lib/ruby/gems/2.1.0/gems/redis-3.2.1/lib/redis.rb:2020:in `publish'", "C:/dev/lc_discovery/lib/lc_discovery/publisher.rb:26:in `rescue in write'", "C:/dev/lc_discovery/lib/lc_discovery/publisher.rb:14:in `write'", "C:/dev/lc_discovery/lib/lc_discovery/workers/meta_worker.rb:20:in `perform'", "c:/dev/ruby/lib/ruby/gems/2.1.0/gems/sidekiq-3.4.2/lib/sidekiq/processor.rb:75:in `execute_job'", "c:/dev/ruby/lib/ruby/gems/2.1.0/gems/sidekiq-3.4.2/lib/sidekiq/processor.rb:52:in `block (2 levels) in process'", "c:/dev/ruby/lib/ruby/gems/2.1.0/gems/sidekiq-3.4.2/lib/sidekiq/middleware/chain.rb:127:in `block in invoke'", "c:/dev/ruby/lib/ruby/gems/2.1.0/gems/sidekiq-3.4.2/lib/sidekiq/middleware/server/retry_jobs.rb:74:in `call'", "c:/dev/ruby/lib/ruby/gems/2.1.0/gems/sidekiq-3.4.2/lib/sidekiq/middleware/chain.rb:129:in `block in invoke'", "c:/dev/ruby/lib/ruby/gems/2.1.0/gems/sidekiq-3.4.2/lib/sidekiq/middleware/server/logging.rb:15:in `block in call'", "c:/dev/ruby/lib/ruby/gems/2.1.0/gems/sidekiq-3.4.2/lib/sidekiq/logging.rb:30:in `with_context'", "c:/dev/ruby/lib/ruby/gems/2.1.0/gems/sidekiq-3.4.2/lib/sidekiq/middleware/server/logging.rb:11:in `call'", "c:/dev/ruby/lib/ruby/gems/2.1.0/gems/sidekiq-3.4.2/lib/sidekiq/middleware/chain.rb:129:in `block in invoke'", "c:/dev/ruby/lib/ruby/gems/2.1.0/gems/sidekiq-3.4.2/lib/sidekiq/middleware/chain.rb:132:in `call'", "c:/dev/ruby/lib/ruby/gems/2.1.0/gems/sidekiq-3.4.2/lib/sidekiq/middleware/chain.rb:132:in `invoke'", "c:/dev/ruby/lib/ruby/gems/2.1.0/gems/sidekiq-3.4.2/lib/sidekiq/processor.rb:51:in `block in process'", "c:/dev/ruby/lib/ruby/gems/2.1.0/gems/sidekiq-3.4.2/lib/sidekiq/processor.rb:98:in `stats'", "c:/dev/ruby/lib/ruby/gems/2.1.0/gems/sidekiq-3.4.2/lib/sidekiq/processor.rb:50:in `process'", "c:/dev/ruby/lib/ruby/gems/2.1.0/gems/celluloid-0.16.0/lib/celluloid/calls.rb:26:in `public_send'", "c:/dev/ruby/lib/ruby/gems/2.1.0/gems/celluloid-0.16.0/lib/celluloid/calls.rb:26:in `dispatch'", "c:/dev/ruby/lib/ruby/gems/2.1.0/gems/celluloid-0.16.0/lib/celluloid/calls.rb:122:in `dispatch'", "c:/dev/ruby/lib/ruby/gems/2.1.0/gems/celluloid-0.16.0/lib/celluloid/cell.rb:60:in `block in invoke'", "c:/dev/ruby/lib/ruby/gems/2.1.0/gems/celluloid-0.16.0/lib/celluloid/cell.rb:71:in `block in task'", "c:/dev/ruby/lib/ruby/gems/2.1.0/gems/celluloid-0.16.0/lib/celluloid/actor.rb:357:in `block in task'", "c:/dev/ruby/lib/ruby/gems/2.1.0/gems/celluloid-0.16.0/lib/celluloid/tasks.rb:57:in `block in initialize'", "c:/dev/ruby/lib/ruby/gems/2.1.0/gems/celluloid-0.16.0/lib/celluloid/tasks/task_fiber.rb:15:in `block in create'"]
2015-09-03T22:06:27.403Z 9832 TID-ztzro MetaWorker JID-37e8e254bb459bc1f54b74ce INFO: done: 2.213 sec
2015-09-03T22:06:27.411Z 9832 TID-abqlw MetaWorker JID-787881b88551a300d340be87 INFO: done: 2.18 sec
2015-09-03T22:06:29.412Z 9832 TID-znyj4 WellWorker JID-21ed6694817174dd4ecf661b INFO: done: 2.991 sec
2015-09-03T22:06:29.570Z 9832 TID-ztvsw WellWorker JID-8bd5999fd60933e4e4b2a734 INFO: done: 3.15 sec
2015-09-03T22:16:59.107Z 9832 TID-ztvsw ExtractDispatchWorker JID-b926c302656f7531e567fe1f INFO: start
2015-09-03T22:16:59.108Z 9832 TID-ztvsw ExtractDispatchWorker JID-b926c302656f7531e567fe1f INFO: lc_discovery META: c:/programdata/geographix/projects/Stratton | home_1 | elasticsearch
2015-09-03T22:16:59.123Z 9832 TID-ztvsw ExtractDispatchWorker JID-b926c302656f7531e567fe1f INFO: done: 0.016 sec
2015-09-03T22:16:59.135Z 9832 TID-ztvsw MetaWorker JID-dbb28bc4783037a9d56a3efc INFO: start
2015-09-03T22:16:59.135Z 9832 TID-ztvsw MetaWorker JID-dbb28bc4783037a9d56a3efc INFO: Extracting lc_discovery MetaWorker: c:/programdata/geographix/projects/Stratton | home_1
2015-09-03T22:16:59.653Z 9832 TID-znyj4 ExtractDispatchWorker JID-bacb16ea3f5a1150467e75ad INFO: start
2015-09-03T22:17:00.113Z 9832 TID-znyj4 ExtractDispatchWorker JID-bacb16ea3f5a1150467e75ad INFO: lc_discovery WELL: c:/programdata/geographix/projects/Stratton | home_1 | elasticsearch
2015-09-03T22:17:01.025Z 9832 TID-znyj4 ExtractDispatchWorker JID-bacb16ea3f5a1150467e75ad INFO: done: 1.372 sec
2015-09-03T22:17:01.035Z 9832 TID-ztvsw MetaWorker JID-dbb28bc4783037a9d56a3efc ERROR: wrong number of arguments (1 for 2)
2015-09-03T22:17:01.035Z 9832 TID-ztvsw MetaWorker JID-dbb28bc4783037a9d56a3efc ERROR: ["c:/dev/ruby/lib/ruby/gems/2.1.0/gems/redis-3.2.1/lib/redis.rb:2020:in `publish'", "C:/dev/lc_discovery/lib/lc_discovery/publisher.rb:26:in `rescue in write'", "C:/dev/lc_discovery/lib/lc_discovery/publisher.rb:14:in `write'", "C:/dev/lc_discovery/lib/lc_discovery/workers/meta_worker.rb:20:in `perform'", "c:/dev/ruby/lib/ruby/gems/2.1.0/gems/sidekiq-3.4.2/lib/sidekiq/processor.rb:75:in `execute_job'", "c:/dev/ruby/lib/ruby/gems/2.1.0/gems/sidekiq-3.4.2/lib/sidekiq/processor.rb:52:in `block (2 levels) in process'", "c:/dev/ruby/lib/ruby/gems/2.1.0/gems/sidekiq-3.4.2/lib/sidekiq/middleware/chain.rb:127:in `block in invoke'", "c:/dev/ruby/lib/ruby/gems/2.1.0/gems/sidekiq-3.4.2/lib/sidekiq/middleware/server/retry_jobs.rb:74:in `call'", "c:/dev/ruby/lib/ruby/gems/2.1.0/gems/sidekiq-3.4.2/lib/sidekiq/middleware/chain.rb:129:in `block in invoke'", "c:/dev/ruby/lib/ruby/gems/2.1.0/gems/sidekiq-3.4.2/lib/sidekiq/middleware/server/logging.rb:15:in `block in call'", "c:/dev/ruby/lib/ruby/gems/2.1.0/gems/sidekiq-3.4.2/lib/sidekiq/logging.rb:30:in `with_context'", "c:/dev/ruby/lib/ruby/gems/2.1.0/gems/sidekiq-3.4.2/lib/sidekiq/middleware/server/logging.rb:11:in `call'", "c:/dev/ruby/lib/ruby/gems/2.1.0/gems/sidekiq-3.4.2/lib/sidekiq/middleware/chain.rb:129:in `block in invoke'", "c:/dev/ruby/lib/ruby/gems/2.1.0/gems/sidekiq-3.4.2/lib/sidekiq/middleware/chain.rb:132:in `call'", "c:/dev/ruby/lib/ruby/gems/2.1.0/gems/sidekiq-3.4.2/lib/sidekiq/middleware/chain.rb:132:in `invoke'", "c:/dev/ruby/lib/ruby/gems/2.1.0/gems/sidekiq-3.4.2/lib/sidekiq/processor.rb:51:in `block in process'", "c:/dev/ruby/lib/ruby/gems/2.1.0/gems/sidekiq-3.4.2/lib/sidekiq/processor.rb:98:in `stats'", "c:/dev/ruby/lib/ruby/gems/2.1.0/gems/sidekiq-3.4.2/lib/sidekiq/processor.rb:50:in `process'", "c:/dev/ruby/lib/ruby/gems/2.1.0/gems/celluloid-0.16.0/lib/celluloid/calls.rb:26:in `public_send'", "c:/dev/ruby/lib/ruby/gems/2.1.0/gems/celluloid-0.16.0/lib/celluloid/calls.rb:26:in `dispatch'", "c:/dev/ruby/lib/ruby/gems/2.1.0/gems/celluloid-0.16.0/lib/celluloid/calls.rb:122:in `dispatch'", "c:/dev/ruby/lib/ruby/gems/2.1.0/gems/celluloid-0.16.0/lib/celluloid/cell.rb:60:in `block in invoke'", "c:/dev/ruby/lib/ruby/gems/2.1.0/gems/celluloid-0.16.0/lib/celluloid/cell.rb:71:in `block in task'", "c:/dev/ruby/lib/ruby/gems/2.1.0/gems/celluloid-0.16.0/lib/celluloid/actor.rb:357:in `block in task'", "c:/dev/ruby/lib/ruby/gems/2.1.0/gems/celluloid-0.16.0/lib/celluloid/tasks.rb:57:in `block in initialize'", "c:/dev/ruby/lib/ruby/gems/2.1.0/gems/celluloid-0.16.0/lib/celluloid/tasks/task_fiber.rb:15:in `block in create'"]
2015-09-03T22:17:01.036Z 9832 TID-ztvsw MetaWorker JID-dbb28bc4783037a9d56a3efc INFO: done: 1.901 sec
2015-09-03T22:17:01.038Z 9832 TID-znyj4 WellWorker JID-b66ff0791eb5acf3b5a2bcd0 INFO: start
2015-09-03T22:17:01.039Z 9832 TID-znyj4 WellWorker JID-b66ff0791eb5acf3b5a2bcd0 INFO: Extracting lc_discovery WellWorker: c:/programdata/geographix/projects/Stratton | home_1
2015-09-03T22:17:02.589Z 9832 TID-znyj4 WellWorker JID-b66ff0791eb5acf3b5a2bcd0 INFO: done: 1.551 sec
2015-09-04T04:24:14.958Z 9832 TID-ahp1c INFO: Shutting down
2015-09-04T04:24:16.040Z 9832 TID-z57vc INFO: Terminating 10 quiet workers
